<?xml version="1.0" encoding="UTF-8"?>
<testng-results ignored="0" total="1" passed="1" failed="0" skipped="0">
  <reporter-output>
  </reporter-output>
  <suite started-at="2025-07-28T14:48:29 IST" name="Default suite" finished-at="2025-07-28T14:48:46 IST" duration-ms="16694">
    <groups>
    </groups>
    <test started-at="2025-07-28T14:48:29 IST" name="Default test" finished-at="2025-07-28T14:48:46 IST" duration-ms="16694">
      <class name="handlingscroll.testscroll">
        <test-method signature="Test()[pri:0, instance:handlingscroll.testscroll@2b71e916]" started-at="2025-07-28T14:48:29 IST" name="Test" finished-at="2025-07-28T14:48:46 IST" duration-ms="16665" status="PASS">
          <reporter-output>
          </reporter-output>
        </test-method> <!-- Test -->
      </class> <!-- handlingscroll.testscroll -->
    </test> <!-- Default test -->
  </suite> <!-- Default suite -->
</testng-results>
