<?xml version="1.0" encoding="UTF-8"?>
<testng-results ignored="0" total="1" passed="1" failed="0" skipped="0">
  <reporter-output>
  </reporter-output>
  <suite started-at="2025-07-28T10:35:48 IST" name="Default suite" finished-at="2025-07-28T10:35:54 IST" duration-ms="6037">
    <groups>
    </groups>
    <test started-at="2025-07-28T10:35:48 IST" name="Default test" finished-at="2025-07-28T10:35:54 IST" duration-ms="6037">
      <class name="radiobuttons.Radiobuttons1">
        <test-method signature="TestPopups()[pri:0, instance:radiobuttons.Radiobuttons1@6b2ea799]" started-at="2025-07-28T10:35:48 IST" name="TestPopups" finished-at="2025-07-28T10:35:54 IST" duration-ms="6004" status="PASS">
          <reporter-output>
          </reporter-output>
        </test-method> <!-- TestPopups -->
      </class> <!-- radiobuttons.Radiobuttons1 -->
    </test> <!-- Default test -->
  </suite> <!-- Default suite -->
</testng-results>
