<?xml version="1.0" encoding="UTF-8"?>
<testng-results ignored="0" total="1" passed="1" failed="0" skipped="0">
  <reporter-output>
  </reporter-output>
  <suite started-at="2025-07-28T12:47:08 IST" name="Default suite" finished-at="2025-07-28T12:47:44 IST" duration-ms="36017">
    <groups>
    </groups>
    <test started-at="2025-07-28T12:47:08 IST" name="Default test" finished-at="2025-07-28T12:47:44 IST" duration-ms="36017">
      <class name="ReadExceldata.DDTCaseStudy">
        <test-method is-config="true" signature="setup()[pri:0, instance:ReadExceldata.DDTCaseStudy@2362f559]" started-at="2025-07-28T12:47:08 IST" name="setup" finished-at="2025-07-28T12:47:14 IST" duration-ms="6572" status="PASS">
          <reporter-output>
          </reporter-output>
        </test-method> <!-- setup -->
        <test-method signature="fillFormFromCsvTest()[pri:0, instance:ReadExceldata.DDTCaseStudy@2362f559]" started-at="2025-07-28T12:47:14 IST" name="fillFormFromCsvTest" finished-at="2025-07-28T12:47:43 IST" duration-ms="29031" status="PASS">
          <reporter-output>
          </reporter-output>
        </test-method> <!-- fillFormFromCsvTest -->
        <test-method is-config="true" signature="tearDown()[pri:0, instance:ReadExceldata.DDTCaseStudy@2362f559]" started-at="2025-07-28T12:47:43 IST" name="tearDown" finished-at="2025-07-28T12:47:44 IST" duration-ms="389" status="PASS">
          <reporter-output>
          </reporter-output>
        </test-method> <!-- tearDown -->
      </class> <!-- ReadExceldata.DDTCaseStudy -->
    </test> <!-- Default test -->
  </suite> <!-- Default suite -->
</testng-results>
