<?xml version="1.0" encoding="UTF-8"?>
<testng-results ignored="0" total="1" passed="1" failed="0" skipped="0">
  <reporter-output>
  </reporter-output>
  <suite started-at="2025-07-28T14:38:16 IST" name="Default suite" finished-at="2025-07-28T14:38:27 IST" duration-ms="10981">
    <groups>
    </groups>
    <test started-at="2025-07-28T14:38:16 IST" name="Default test" finished-at="2025-07-28T14:38:27 IST" duration-ms="10981">
      <class name="library.Screenshotdemo">
        <test-method signature="Browser()[pri:0, instance:library.Screenshotdemo@28701274]" started-at="2025-07-28T14:38:16 IST" name="Browser" finished-at="2025-07-28T14:38:27 IST" duration-ms="10949" status="PASS">
          <reporter-output>
          </reporter-output>
        </test-method> <!-- Browser -->
      </class> <!-- library.Screenshotdemo -->
    </test> <!-- Default test -->
  </suite> <!-- Default suite -->
</testng-results>
