<?xml version="1.0" encoding="UTF-8"?>
<testng-results ignored="0" total="1" passed="1" failed="0" skipped="0">
  <reporter-output>
  </reporter-output>
  <suite started-at="2025-07-25T15:49:45 IST" name="Default suite" finished-at="2025-07-25T15:49:51 IST" duration-ms="6101">
    <groups>
    </groups>
    <test started-at="2025-07-25T15:49:45 IST" name="Default test" finished-at="2025-07-25T15:49:51 IST" duration-ms="6101">
      <class name="radiobuttons.Radio">
        <test-method signature="DemoTestID()[pri:0, instance:radiobuttons.Radio@6b2ea799]" started-at="2025-07-25T15:49:45 IST" name="DemoTestID" finished-at="2025-07-25T15:49:51 IST" duration-ms="6070" status="PASS">
          <reporter-output>
          </reporter-output>
        </test-method> <!-- DemoTestID -->
      </class> <!-- radiobuttons.Radio -->
    </test> <!-- Default test -->
  </suite> <!-- Default suite -->
</testng-results>
